<?xml version="1.0" encoding="UTF-8"?>
<!-- Generated by org.testng.reporters.JUnitXMLReporter -->
<testsuite hostname="PWR-Omelchenko" name="demonstration" tests="3" failures="1" timestamp="19 Oct 2015 04:00:32 GMT" time="48.73" errors="0">
  <testcase name="LoginTestPositive" time="2.694" classname="tests.LoginTests"/>
  <testcase name="LoginTestNegative" time="1.747" classname="tests.LoginTests"/>
  <testcase name="testCreatePlayer" time="10.243" classname="tests.CreatePlayerTest">
    <failure type="java.lang.AssertionError" message="null">
      <![CDATA[java.lang.AssertionError: null
	at tools.SoftAsserts.printErrors(SoftAsserts.java:33)
	at tests.CreatePlayerTest.testCreatePlayer(CreatePlayerTest.java:92)
... Removed 29 stack frames]]>
    </failure>
  </testcase> <!-- testCreatePlayer -->
</testsuite> <!-- demonstration -->
